Using pre-set license
Built from '2020.3/release' branch; Version is '2020.3.12f1 (b3b2c6512326) revision 11776710'; Using compiler version '192528614'; Build Type 'Release'
OS: 'Windows 10 Pro; OS build 19043.1237; Version 2009; 64bit' Language: 'en' Physical Memory: 16254 MB
BatchMode: 1, IsHumanControllingUs: 0, StartBugReporterOnCrash: 0, Is64bit: 1, IsPro: 0

 COMMAND LINE ARGUMENTS:
F:\Program Files\2020.3.12f1\Editor\Unity.exe
-adb2
-batchMode
-noUpm
-name
AssetImportWorker0
-projectPath
F:/Projects/Carrom_Game
-logFile
Logs/AssetImportWorker0.log
-srvPort
52191
Successfully changed project path to: F:/Projects/Carrom_Game
F:/Projects/Carrom_Game
Using Asset Import Pipeline V2.
Refreshing native plugins compatible for Editor in 27.31 ms, found 2 plugins.
Preloading 0 native plugins for Editor in 0.00 ms.
Initialize engine version: 2020.3.12f1 (b3b2c6512326)
[Subsystems] Discovering subsystems at path F:/Program Files/2020.3.12f1/Editor/Data/Resources/UnitySubsystems
[Subsystems] Discovering subsystems at path F:/Projects/Carrom_Game/Assets
GfxDevice: creating device client; threaded=0
Direct3D:
    Version:  Direct3D 11.0 [level 11.1]
    Renderer: NVIDIA GeForce GTX 1050 Ti (ID=0x1c82)
    Vendor:   
    VRAM:     4018 MB
    Driver:   30.0.14.9613
Initialize mono
Mono path[0] = 'F:/Program Files/2020.3.12f1/Editor/Data/Managed'
Mono path[1] = 'F:/Program Files/2020.3.12f1/Editor/Data/MonoBleedingEdge/lib/mono/unityjit'
Mono config path = 'F:/Program Files/2020.3.12f1/Editor/Data/MonoBleedingEdge/etc'
Using monoOptions --debugger-agent=transport=dt_socket,embedding=1,server=y,suspend=n,address=127.0.0.1:56896
Begin MonoManager ReloadAssembly
Registering precompiled unity dll's ...
Register platform support module: F:/Program Files/2020.3.12f1/Editor/Data/PlaybackEngines/WindowsStandaloneSupport/UnityEditor.WindowsStandalone.Extensions.dll
Registered in 0.001190 seconds.
Native extension for WindowsStandalone target not found
Refreshing native plugins compatible for Editor in 25.39 ms, found 2 plugins.
Preloading 0 native plugins for Editor in 0.00 ms.
Mono: successfully reloaded assembly
- Completed reload, in  2.105 seconds
Platform modules already initialized, skipping
Registering precompiled user dll's ...
Registered in 0.003481 seconds.
Begin MonoManager ReloadAssembly
Native extension for WindowsStandalone target not found
Refreshing native plugins compatible for Editor in 0.28 ms, found 2 plugins.
Preloading 0 native plugins for Editor in 0.00 ms.
Mono: successfully reloaded assembly
- Completed reload, in  1.061 seconds
Platform modules already initialized, skipping
========================================================================
Worker process is ready to serve import requests
Launched and connected shader compiler UnityShaderCompiler.exe after 0.09 seconds
Refreshing native plugins compatible for Editor in 0.29 ms, found 2 plugins.
Preloading 0 native plugins for Editor in 0.00 ms.
Unloading 1386 Unused Serialized files (Serialized files now loaded: 0)
System memory in use before: 64.6 MB.
System memory in use after: 64.7 MB.

Unloading 19 unused Assets to reduce memory usage. Loaded Objects now: 1819.
Total: 1.932300 ms (FindLiveObjects: 0.173900 ms CreateObjectMapping: 0.049600 ms MarkObjects: 1.636200 ms  DeleteObjects: 0.071600 ms)

AssetImportParameters requested are different than current active one (requested -> active):
  custom:framework-win-MediaFoundation: 216162199b28c13a410421893ffa2e32 -> 
  custom:video-decoder-ogg-theora: a1e56fd34408186e4bbccfd4996cb3dc -> 
  custom:container-muxer-webm: aa71ff27fc2769a1b78a27578f13a17b -> 
  custom:container-demuxer-webm: 4f35f7cbe854078d1ac9338744f61a02 -> 
  custom:container-demuxer-ogg: 62fdf1f143b41e24485cea50d1cbac27 -> 
  custom:video-encoder-webm-vp8: eb34c28f22e8b96e1ab97ce403110664 -> 
  custom:video-decoder-webm-vp8: 9c59270c3fd7afecdb556c50c9e8de78 -> 
  custom:audio-decoder-ogg-vorbis: bf7c407c2cedff20999df2af8eb42d56 -> 
  custom:audio-encoder-webm-vorbis: bf7c407c2cedff20999df2af8eb42d56 -> 
========================================================================
Received Import Request.
  path: Assets/UNITY_CarromPool-/profile-holderProgress.png
  artifactKey: Guid(fafb72f4db7a1483aa5aa2373a82f622) Importer(815301076,1909f56bfc062723c751e8b465ee728b)
Start importing Assets/UNITY_CarromPool-/profile-holderProgress.png using Guid(fafb72f4db7a1483aa5aa2373a82f622) Importer(815301076,1909f56bfc062723c751e8b465ee728b)  -> (artifact id: '52720813d743b4116aceb51a3b46c822') in 0.218862 seconds 
  Import took 0.220977 seconds .

========================================================================
Received Import Request.
  Time since last request: 0.000274 seconds.
  path: Assets/UNITY_CarromPool-/black-coin.png
  artifactKey: Guid(7dfe03313a9664912b8b6753c0ed529e) Importer(815301076,1909f56bfc062723c751e8b465ee728b)
Start importing Assets/UNITY_CarromPool-/black-coin.png using Guid(7dfe03313a9664912b8b6753c0ed529e) Importer(815301076,1909f56bfc062723c751e8b465ee728b)  -> (artifact id: '9241f6386cc877a65b7e3f7c9041e12d') in 0.012786 seconds 
  Import took 0.032326 seconds .

========================================================================
Received Import Request.
  Time since last request: 0.000503 seconds.
  path: Assets/UNITY_CarromPool-/mover.png
  artifactKey: Guid(2035cadd7f0db4d61af55179b542ddb2) Importer(815301076,1909f56bfc062723c751e8b465ee728b)
Start importing Assets/UNITY_CarromPool-/mover.png using Guid(2035cadd7f0db4d61af55179b542ddb2) Importer(815301076,1909f56bfc062723c751e8b465ee728b)  -> (artifact id: '89af10767b5edb476cc1be5082df1b74') in 0.020020 seconds 
  Import took 0.023731 seconds .

========================================================================
Received Import Request.
  Time since last request: 0.000317 seconds.
  path: Assets/UNITY_CarromPool-/board.png
  artifactKey: Guid(afa98dad6ece24b27a11dd4e17504be2) Importer(815301076,1909f56bfc062723c751e8b465ee728b)
Start importing Assets/UNITY_CarromPool-/board.png using Guid(afa98dad6ece24b27a11dd4e17504be2) Importer(815301076,1909f56bfc062723c751e8b465ee728b)  -> (artifact id: 'd1494f0a390f25a89095122e4f33124e') in 0.017219 seconds 
  Import took 0.022307 seconds .

========================================================================
Received Import Request.
  Time since last request: 0.000264 seconds.
  path: Assets/UNITY_CarromPool-/sirf-arrow.png
  artifactKey: Guid(db47801df1d644dadad185cce02a3cdb) Importer(815301076,1909f56bfc062723c751e8b465ee728b)
Start importing Assets/UNITY_CarromPool-/sirf-arrow.png using Guid(db47801df1d644dadad185cce02a3cdb) Importer(815301076,1909f56bfc062723c751e8b465ee728b)  -> (artifact id: '4bc2ff698c520cee78dd588bd4db58cd') in 0.012654 seconds 
  Import took 0.018421 seconds .

========================================================================
Received Import Request.
  Time since last request: 0.000191 seconds.
  path: Assets/UNITY_CarromPool-/striker-glow.png
  artifactKey: Guid(1e413723198ef4e4c93cfc49fef4a37a) Importer(815301076,1909f56bfc062723c751e8b465ee728b)
Start importing Assets/UNITY_CarromPool-/striker-glow.png using Guid(1e413723198ef4e4c93cfc49fef4a37a) Importer(815301076,1909f56bfc062723c751e8b465ee728b)  -> (artifact id: '025e2d8c0c09bd1c8cdcd39fae65017d') in 0.014447 seconds 
  Import took 0.016734 seconds .

========================================================================
Received Import Request.
  Time since last request: 0.000247 seconds.
  path: Assets/UNITY_CarromPool-/white-coin.png
  artifactKey: Guid(9ff99935dacc14fe1a07b6ac2d853874) Importer(815301076,1909f56bfc062723c751e8b465ee728b)
Start importing Assets/UNITY_CarromPool-/white-coin.png using Guid(9ff99935dacc14fe1a07b6ac2d853874) Importer(815301076,1909f56bfc062723c751e8b465ee728b)  -> (artifact id: '4697d8a4b117dd6409681c0d11da9852') in 0.012960 seconds 
  Import took 0.015460 seconds .

========================================================================
Received Import Request.
  Time since last request: 0.000249 seconds.
  path: Assets/UNITY_CarromPool-/power.png
  artifactKey: Guid(196d109e93df641f7872d491f8612f7a) Importer(815301076,1909f56bfc062723c751e8b465ee728b)
Start importing Assets/UNITY_CarromPool-/power.png using Guid(196d109e93df641f7872d491f8612f7a) Importer(815301076,1909f56bfc062723c751e8b465ee728b)  -> (artifact id: 'd2269192815569a83c8586b5324d6d4f') in 0.013949 seconds 
  Import took 0.016403 seconds .

========================================================================
Received Import Request.
  Time since last request: 0.000244 seconds.
  path: Assets/UNITY_CarromPool-/red-coin.png
  artifactKey: Guid(367a474fd71fa4f56900d5f11fa2fcbb) Importer(815301076,1909f56bfc062723c751e8b465ee728b)
Start importing Assets/UNITY_CarromPool-/red-coin.png using Guid(367a474fd71fa4f56900d5f11fa2fcbb) Importer(815301076,1909f56bfc062723c751e8b465ee728b)  -> (artifact id: 'c24f0ce88e849e2e5c0af12a19db84e7') in 0.011915 seconds 
  Import took 0.014211 seconds .

========================================================================
Received Import Request.
  Time since last request: 0.000260 seconds.
  path: Assets/UNITY_CarromPool-/board-shadow.png
  artifactKey: Guid(565f78863013d4259810a99bd324e209) Importer(815301076,1909f56bfc062723c751e8b465ee728b)
Start importing Assets/UNITY_CarromPool-/board-shadow.png using Guid(565f78863013d4259810a99bd324e209) Importer(815301076,1909f56bfc062723c751e8b465ee728b)  -> (artifact id: '679a4290ca6c73e612a4126793de79ad') in 0.015663 seconds 
  Import took 0.018728 seconds .

========================================================================
Received Import Request.
  Time since last request: 0.000318 seconds.
  path: Assets/UNITY_CarromPool-/striker.png
  artifactKey: Guid(b78f36da81d4f45dab99e6fadc88b3d6) Importer(815301076,1909f56bfc062723c751e8b465ee728b)
Start importing Assets/UNITY_CarromPool-/striker.png using Guid(b78f36da81d4f45dab99e6fadc88b3d6) Importer(815301076,1909f56bfc062723c751e8b465ee728b)  -> (artifact id: '8fac0c1abb69286ec0e3e1905c0c0faf') in 0.015039 seconds 
  Import took 0.017549 seconds .

========================================================================
Received Import Request.
  Time since last request: 0.000240 seconds.
  path: Assets/UNITY_CarromPool-/arrow.png
  artifactKey: Guid(7b83a0c0775b044029e93793606b9916) Importer(815301076,1909f56bfc062723c751e8b465ee728b)
Start importing Assets/UNITY_CarromPool-/arrow.png using Guid(7b83a0c0775b044029e93793606b9916) Importer(815301076,1909f56bfc062723c751e8b465ee728b)  -> (artifact id: '05344be94eb9df3c0b26c67e5b357b98') in 0.012339 seconds 
  Import took 0.014681 seconds .

========================================================================
Received Import Request.
  Time since last request: 0.000268 seconds.
  path: Assets/UNITY_CarromPool-/bg.png
  artifactKey: Guid(d9a9f3d7ca0964ddcb45bc8d67bf0f42) Importer(815301076,1909f56bfc062723c751e8b465ee728b)
Start importing Assets/UNITY_CarromPool-/bg.png using Guid(d9a9f3d7ca0964ddcb45bc8d67bf0f42) Importer(815301076,1909f56bfc062723c751e8b465ee728b)  -> (artifact id: 'b58cbb4bc202a370ca12b24eb438724c') in 0.029161 seconds 
  Import took 0.031345 seconds .

========================================================================
Received Import Request.
  Time since last request: 0.000258 seconds.
  path: Assets/UNITY_CarromPool-/arrow-line.png
  artifactKey: Guid(7d688bc6981b440c789e59f8497c2050) Importer(815301076,1909f56bfc062723c751e8b465ee728b)
Start importing Assets/UNITY_CarromPool-/arrow-line.png using Guid(7d688bc6981b440c789e59f8497c2050) Importer(815301076,1909f56bfc062723c751e8b465ee728b)  -> (artifact id: 'ca14f8dc556f89172204515be30c3562') in 0.011593 seconds 
  Import took 0.014870 seconds .

========================================================================
Received Import Request.
  Time since last request: 0.000238 seconds.
  path: Assets/UNITY_CarromPool-/profile-holder.png
  artifactKey: Guid(bd0714030a13643978301f5b073c9608) Importer(815301076,1909f56bfc062723c751e8b465ee728b)
Start importing Assets/UNITY_CarromPool-/profile-holder.png using Guid(bd0714030a13643978301f5b073c9608) Importer(815301076,1909f56bfc062723c751e8b465ee728b)  -> (artifact id: 'df303da3b736f236b3072209a9f16c78') in 0.010824 seconds 
  Import took 0.013902 seconds .

========================================================================
Received Import Request.
  Time since last request: 0.000273 seconds.
  path: Assets/UNITY_CarromPool-
  artifactKey: Guid(6267ab8ac9c0e4344991f9776d0b536a) Importer(815301076,1909f56bfc062723c751e8b465ee728b)
Start importing Assets/UNITY_CarromPool- using Guid(6267ab8ac9c0e4344991f9776d0b536a) Importer(815301076,1909f56bfc062723c751e8b465ee728b)  -> (artifact id: '475356db259683ade38d1ec83668046c') in 0.005500 seconds 
  Import took 0.007722 seconds .

AssetImportWorkerClient::OnTransportError - code=2 error=End of file
